<?xml version="1.0" encoding="UTF-8"?>
<!-- Generated by org.testng.reporters.JUnitReportReporter -->
<testsuite skipped="0" hostname="DESKTOP-JQ0LRFT" name="SpicejetWebAutomation.SpicejetAutomation.TestRun" tests="1" failures="0" timestamp="2019-12-01T13:26:12 EST" time="20.112" errors="0">
  <testcase name="home" time="20.112" classname="SpicejetWebAutomation.SpicejetAutomation.TestRun"/>
</testsuite> <!-- SpicejetWebAutomation.SpicejetAutomation.TestRun -->
